TODO Section 3.1
Shape of data array: (40000, 174)
[  0   0   0   0   0  75   0   4  56  60  77  75   0   0   0   5   0 584
 381 584  17  96  17   5   4   6   0   0   0   0   0   0   0   0  -2  -2
   0   0   0   0   0   0   0   0   0   0   0   0   0   0   0   0   0   0
   0   0   0   0   0   0   0   0   0   0   0   0   0   0   0   0   0   0
   0   0   0   0   0   0   0   0   0   0   0   0   0   0   0   0   0   0
   0   0   0   0   0   0   0   0   0   0   0   0   0   0   0   0   0   0
   0   0   0   0   0   0   0   0   0   0   0   0   0   0   0   0  -2  -6
   2   0   0   0   2   5   0   0   0   0   0  -1   5   2  -2  -4   0   0
   2   0   0   0   0   1   0   0   0   2   0   0   0  -1   0   8   2   2
   0   0   2   0   1   0  -6   3   0   0   0   6]
[ 0  0  0  0  0 36  0  1 31 39 40 36  0  0  0  6  0  0  0  0  0  0  0  5  3
  5  1  0  0  0  0  0  0  0  0 -2  0  0 -6  0  0  0  0  0  0  0  0  0  0  0
  0  0  0  0  0  0  0  0  0  0  0  0  0  0  0  0  0  0  0  0  0  0  0  0  0
  0  0  0  0  0  0  0  0  0  0  0  0  0  0  0  0  0  0  0  0  0  0  0  0  0
  0  0  0  0  0  0  0  0  0  0  0  0  0  0  0  0  0  0  0  0  0  0  0  0  0
 -6  0  2 -5  0  1  0  0  2  0 -2  0  0  0  2  2 -2  0 -1  0  0  2  0  0  1
 -2 -2  0  0  0 -2  2  0  0  5  0  0  0  0  0  0  0  0  1  0  0  0  4  6]
[ 0  0  0  0  0 28  0  1 28 34 30 28  0  0  0  5  0  0  0  0  0  0  0  6  3
  5  0  0  0  0  0  0  2  0 -2  0  5  0 -5  0  0  0  0  0  0  0  0  0  0  0
  0  0  0  0  0  0  0  0  0  0  0  0  0  0  0  0  0  0  0  0  0  0  0  0  0
  0  0  0  0  0  0  0  0  0  0  0  0  0  0  0  0  0  0  0  0  0  0  0  0  0
  0  0  0  0  0  0  0  0  0  0  0  0  0  0  0  0  0  0  0  0  1  0  0  0  0
 -5  0  0 -2  0 -2  0  0  0  0 -2  0  0  0  0  2  0  0 -2  0  0  2  0  0  2
 -1  0  0  0  0 -2  2 -2  0  7  0  0  0  0  0  0  0  0  2  0  0  0  2  6]
[  0   0   0   0   0  69   0   2  51  57  69  69   0   0   7   7   1 472
 432 558 112  90   8   5   4   5   1   0   1   1   0   3   2   7   1   0
   5   2  -1   0   0   0   0   0   0   0   0   0   0   0   0   0   0   0
   0   0   0   0   0   0   0   0   0   0   0   0   0   0   0   0   0   0
   0   0   0   0   0   0   0   0   0   0   0   0   0   0   0   0   0   0
   0   0   0   0   0   0   0   0   0   0   0   0   0   0   0   0   0   0
   0   0   0   0   0   0   0   0   0   0   0   0   0   0   0   0   0  -1
   0  -2   0   3   2   1   2   0   0   2   0   1   5  -2   2   0   2   0
   2   1   6   0   2   3   1   0   7   0  -2   0   3  -4   2   5   0   0
  -2   0   0   0   1   2   2   3   0   0   1   9]
[  2   0   2   0   0 628   4  11 462 502 651 628   0   0  15   5   5 492
 442 588 154  73  22   5   3   5   1   0   0   0   0   0   0   0   3  -2
   2   2   0   0   0   0   0   0   0   0   0   0   0   0   0   0   0   0
   0   0   0   0   0   0   0   0   0   0   0   0   0   0   0   0   0   0
   0   0   0   0   0   0   0   0   0   0   0   0   0   0   0   0   0   0
   0   0   0   0   0   0   0   0   0   0   0   0   0   0   0   0   0   0
   0   0   0   0   0   0   0   0   0   0   0   0   0   0   0   0  -3  -3
   1   8  -3   1   0   4   2   1   1  -1   0   0   2   0   0  -3   2  -1
   0   0   0   1   0   0  -3   0   2   0   0   0   1  -3   2   7   1  -1
   4   0   0   1   1   0   1   5   0   1   0   3]
[  0   1   0   0   0 426   3  10 307 329 447 426   0   0  17   5   3 513
 446 584 139  61  31   5   4   5   1   0   0   0   1   1   0   3   1   1
   8   1  -7   0   0   0   0   0   0   0   0   0   0   0   0   0   0   0
   0   0   0   0   0   0   0   0   0   0   0   0   0   0   0   0   0   0
   0   0   0   0   0   0   0   0   0   0   0   0   0   0   0   0   0   0
   0   0   0   0   0   0   0   0   0   0   0   0   0   0   0   0   0   0
   0   0   0   0   0   0   0   0   0   0   0   0   0   0   0   0   0  -7
   1   3  -4   7   2   0   4   0   6  -3   0   1   1   0   4  -2   1  -2
  -2   0   4   0   0   0  -2  -1   1   1  -1  -1   0  -3  -1  11   0   0
   2   1   0   1   0   1  -2   8   1   0   3   0]
Shape of X: (400, 173)


Linear SVC
SVC Linear confusion
[[ 8  5  3  2]
 [ 3  4  4  7]
 [10  4  8  4]
 [ 6  4  4  4]]
SVC Linear accuracy
0.3
SVC Linear precision
[ 0.2962963   0.23529412  0.42105263  0.23529412]
SVC Linear recall
[ 0.44444444  0.22222222  0.30769231  0.22222222]


Radial SVC
SVC Radial confusion
[[ 0  0  0 18]
 [ 0  0  0 18]
 [ 0  0  0 26]
 [ 0  0  0 18]]
SVC Radial accuracy
0.225
SVC Radial precision
[ 0.     0.     0.     0.225]
SVC Radial recall
[ 0.  0.  0.  1.]


RandomForestClassifier
RFC confusion
[[7 7 2 2]
 [2 9 1 6]
 [7 7 7 5]
 [3 3 4 8]]
RFC accuracy
0.3875
RFC precision
[ 0.36842105  0.34615385  0.5         0.38095238]
RFC recall
[ 0.38888889  0.5         0.26923077  0.44444444]


MLPClassifier
MLP confusion
[[10  1  2  5]
 [ 2  2  7  7]
 [10  2  6  8]
 [ 3  2  2 11]]
MLP accuracy
0.3625
MLP precision
[ 0.4         0.28571429  0.35294118  0.35483871]
MLP recall
[ 0.55555556  0.11111111  0.23076923  0.61111111]


AdaBoostClassifier
ABC confusion
[[ 6  6  3  3]
 [ 2  7  4  5]
 [ 4 10  7  5]
 [ 0 10  2  6]]
ABC accuracy
0.325
ABC precision
[ 0.5         0.21212121  0.4375      0.31578947]
ABC recall
[ 0.33333333  0.38888889  0.26923077  0.33333333]
TODO Section 3.1
Shape of data array: (40000, 174)
[  0   0   0   0   0  75   0   4  56  60  77  75   0   0   0   5   0 584
 381 584  17  96  17   5   4   6   0   0   0   0   0   0   0   0  -2  -2
   0   0   0   0   0   0   0   0   0   0   0   0   0   0   0   0   0   0
   0   0   0   0   0   0   0   0   0   0   0   0   0   0   0   0   0   0
   0   0   0   0   0   0   0   0   0   0   0   0   0   0   0   0   0   0
   0   0   0   0   0   0   0   0   0   0   0   0   0   0   0   0   0   0
   0   0   0   0   0   0   0   0   0   0   0   0   0   0   0   0  -2  -6
   2   0   0   0   2   5   0   0   0   0   0  -1   5   2  -2  -4   0   0
   2   0   0   0   0   1   0   0   0   2   0   0   0  -1   0   8   2   2
   0   0   2   0   1   0  -6   3   0   0   0   6]
[ 0  0  0  0  0 36  0  1 31 39 40 36  0  0  0  6  0  0  0  0  0  0  0  5  3
  5  1  0  0  0  0  0  0  0  0 -2  0  0 -6  0  0  0  0  0  0  0  0  0  0  0
  0  0  0  0  0  0  0  0  0  0  0  0  0  0  0  0  0  0  0  0  0  0  0  0  0
  0  0  0  0  0  0  0  0  0  0  0  0  0  0  0  0  0  0  0  0  0  0  0  0  0
  0  0  0  0  0  0  0  0  0  0  0  0  0  0  0  0  0  0  0  0  0  0  0  0  0
 -6  0  2 -5  0  1  0  0  2  0 -2  0  0  0  2  2 -2  0 -1  0  0  2  0  0  1
 -2 -2  0  0  0 -2  2  0  0  5  0  0  0  0  0  0  0  0  1  0  0  0  4  6]
[ 0  0  0  0  0 28  0  1 28 34 30 28  0  0  0  5  0  0  0  0  0  0  0  6  3
  5  0  0  0  0  0  0  2  0 -2  0  5  0 -5  0  0  0  0  0  0  0  0  0  0  0
  0  0  0  0  0  0  0  0  0  0  0  0  0  0  0  0  0  0  0  0  0  0  0  0  0
  0  0  0  0  0  0  0  0  0  0  0  0  0  0  0  0  0  0  0  0  0  0  0  0  0
  0  0  0  0  0  0  0  0  0  0  0  0  0  0  0  0  0  0  0  0  1  0  0  0  0
 -5  0  0 -2  0 -2  0  0  0  0 -2  0  0  0  0  2  0  0 -2  0  0  2  0  0  2
 -1  0  0  0  0 -2  2 -2  0  7  0  0  0  0  0  0  0  0  2  0  0  0  2  6]
[  0   0   0   0   0  69   0   2  51  57  69  69   0   0   7   7   1 472
 432 558 112  90   8   5   4   5   1   0   1   1   0   3   2   7   1   0
   5   2  -1   0   0   0   0   0   0   0   0   0   0   0   0   0   0   0
   0   0   0   0   0   0   0   0   0   0   0   0   0   0   0   0   0   0
   0   0   0   0   0   0   0   0   0   0   0   0   0   0   0   0   0   0
   0   0   0   0   0   0   0   0   0   0   0   0   0   0   0   0   0   0
   0   0   0   0   0   0   0   0   0   0   0   0   0   0   0   0   0  -1
   0  -2   0   3   2   1   2   0   0   2   0   1   5  -2   2   0   2   0
   2   1   6   0   2   3   1   0   7   0  -2   0   3  -4   2   5   0   0
  -2   0   0   0   1   2   2   3   0   0   1   9]
[  2   0   2   0   0 628   4  11 462 502 651 628   0   0  15   5   5 492
 442 588 154  73  22   5   3   5   1   0   0   0   0   0   0   0   3  -2
   2   2   0   0   0   0   0   0   0   0   0   0   0   0   0   0   0   0
   0   0   0   0   0   0   0   0   0   0   0   0   0   0   0   0   0   0
   0   0   0   0   0   0   0   0   0   0   0   0   0   0   0   0   0   0
   0   0   0   0   0   0   0   0   0   0   0   0   0   0   0   0   0   0
   0   0   0   0   0   0   0   0   0   0   0   0   0   0   0   0  -3  -3
   1   8  -3   1   0   4   2   1   1  -1   0   0   2   0   0  -3   2  -1
   0   0   0   1   0   0  -3   0   2   0   0   0   1  -3   2   7   1  -1
   4   0   0   1   1   0   1   5   0   1   0   3]
[  0   1   0   0   0 426   3  10 307 329 447 426   0   0  17   5   3 513
 446 584 139  61  31   5   4   5   1   0   0   0   1   1   0   3   1   1
   8   1  -7   0   0   0   0   0   0   0   0   0   0   0   0   0   0   0
   0   0   0   0   0   0   0   0   0   0   0   0   0   0   0   0   0   0
   0   0   0   0   0   0   0   0   0   0   0   0   0   0   0   0   0   0
   0   0   0   0   0   0   0   0   0   0   0   0   0   0   0   0   0   0
   0   0   0   0   0   0   0   0   0   0   0   0   0   0   0   0   0  -7
   1   3  -4   7   2   0   4   0   6  -3   0   1   1   0   4  -2   1  -2
  -2   0   4   0   0   0  -2  -1   1   1  -1  -1   0  -3  -1  11   0   0
   2   1   0   1   0   1  -2   8   1   0   3   0]
Traceback (most recent call last):
  File "a1_classify.py", line 366, in <module>
    class31(args.input)
  File "a1_classify.py", line 126, in class31
    X = np.concatenate((X1, X2, X3, X4))
NameError: name 'X1' is not defined
TODO Section 3.1
Shape of data array: (40000, 174)
[  0   0   0   0   0  75   0   4  56  60  77  75   0   0   0   5   0 584
 381 584  17  96  17   5   4   6   0   0   0   0   0   0   0   0  -2  -2
   0   0   0   0   0   0   0   0   0   0   0   0   0   0   0   0   0   0
   0   0   0   0   0   0   0   0   0   0   0   0   0   0   0   0   0   0
   0   0   0   0   0   0   0   0   0   0   0   0   0   0   0   0   0   0
   0   0   0   0   0   0   0   0   0   0   0   0   0   0   0   0   0   0
   0   0   0   0   0   0   0   0   0   0   0   0   0   0   0   0  -2  -6
   2   0   0   0   2   5   0   0   0   0   0  -1   5   2  -2  -4   0   0
   2   0   0   0   0   1   0   0   0   2   0   0   0  -1   0   8   2   2
   0   0   2   0   1   0  -6   3   0   0   0   6]
[ 0  0  0  0  0 36  0  1 31 39 40 36  0  0  0  6  0  0  0  0  0  0  0  5  3
  5  1  0  0  0  0  0  0  0  0 -2  0  0 -6  0  0  0  0  0  0  0  0  0  0  0
  0  0  0  0  0  0  0  0  0  0  0  0  0  0  0  0  0  0  0  0  0  0  0  0  0
  0  0  0  0  0  0  0  0  0  0  0  0  0  0  0  0  0  0  0  0  0  0  0  0  0
  0  0  0  0  0  0  0  0  0  0  0  0  0  0  0  0  0  0  0  0  0  0  0  0  0
 -6  0  2 -5  0  1  0  0  2  0 -2  0  0  0  2  2 -2  0 -1  0  0  2  0  0  1
 -2 -2  0  0  0 -2  2  0  0  5  0  0  0  0  0  0  0  0  1  0  0  0  4  6]
[ 0  0  0  0  0 28  0  1 28 34 30 28  0  0  0  5  0  0  0  0  0  0  0  6  3
  5  0  0  0  0  0  0  2  0 -2  0  5  0 -5  0  0  0  0  0  0  0  0  0  0  0
  0  0  0  0  0  0  0  0  0  0  0  0  0  0  0  0  0  0  0  0  0  0  0  0  0
  0  0  0  0  0  0  0  0  0  0  0  0  0  0  0  0  0  0  0  0  0  0  0  0  0
  0  0  0  0  0  0  0  0  0  0  0  0  0  0  0  0  0  0  0  0  1  0  0  0  0
 -5  0  0 -2  0 -2  0  0  0  0 -2  0  0  0  0  2  0  0 -2  0  0  2  0  0  2
 -1  0  0  0  0 -2  2 -2  0  7  0  0  0  0  0  0  0  0  2  0  0  0  2  6]
[  0   0   0   0   0  69   0   2  51  57  69  69   0   0   7   7   1 472
 432 558 112  90   8   5   4   5   1   0   1   1   0   3   2   7   1   0
   5   2  -1   0   0   0   0   0   0   0   0   0   0   0   0   0   0   0
   0   0   0   0   0   0   0   0   0   0   0   0   0   0   0   0   0   0
   0   0   0   0   0   0   0   0   0   0   0   0   0   0   0   0   0   0
   0   0   0   0   0   0   0   0   0   0   0   0   0   0   0   0   0   0
   0   0   0   0   0   0   0   0   0   0   0   0   0   0   0   0   0  -1
   0  -2   0   3   2   1   2   0   0   2   0   1   5  -2   2   0   2   0
   2   1   6   0   2   3   1   0   7   0  -2   0   3  -4   2   5   0   0
  -2   0   0   0   1   2   2   3   0   0   1   9]
[  2   0   2   0   0 628   4  11 462 502 651 628   0   0  15   5   5 492
 442 588 154  73  22   5   3   5   1   0   0   0   0   0   0   0   3  -2
   2   2   0   0   0   0   0   0   0   0   0   0   0   0   0   0   0   0
   0   0   0   0   0   0   0   0   0   0   0   0   0   0   0   0   0   0
   0   0   0   0   0   0   0   0   0   0   0   0   0   0   0   0   0   0
   0   0   0   0   0   0   0   0   0   0   0   0   0   0   0   0   0   0
   0   0   0   0   0   0   0   0   0   0   0   0   0   0   0   0  -3  -3
   1   8  -3   1   0   4   2   1   1  -1   0   0   2   0   0  -3   2  -1
   0   0   0   1   0   0  -3   0   2   0   0   0   1  -3   2   7   1  -1
   4   0   0   1   1   0   1   5   0   1   0   3]
[  0   1   0   0   0 426   3  10 307 329 447 426   0   0  17   5   3 513
 446 584 139  61  31   5   4   5   1   0   0   0   1   1   0   3   1   1
   8   1  -7   0   0   0   0   0   0   0   0   0   0   0   0   0   0   0
   0   0   0   0   0   0   0   0   0   0   0   0   0   0   0   0   0   0
   0   0   0   0   0   0   0   0   0   0   0   0   0   0   0   0   0   0
   0   0   0   0   0   0   0   0   0   0   0   0   0   0   0   0   0   0
   0   0   0   0   0   0   0   0   0   0   0   0   0   0   0   0   0  -7
   1   3  -4   7   2   0   4   0   6  -3   0   1   1   0   4  -2   1  -2
  -2   0   4   0   0   0  -2  -1   1   1  -1  -1   0  -3  -1  11   0   0
   2   1   0   1   0   1  -2   8   1   0   3   0]
Traceback (most recent call last):
  File "a1_classify.py", line 366, in <module>
    class31(args.input)
  File "a1_classify.py", line 126, in class31
    X = np.concatenate((X1, X2, X3, X4))
NameError: name 'X1' is not defined
TODO Section 3.1
Shape of data array: (40000, 174)
[  0   0   0   0   0  75   0   4  56  60  77  75   0   0   0   5   0 584
 381 584  17  96  17   5   4   6   0   0   0   0   0   0   0   0  -2  -2
   0   0   0   0   0   0   0   0   0   0   0   0   0   0   0   0   0   0
   0   0   0   0   0   0   0   0   0   0   0   0   0   0   0   0   0   0
   0   0   0   0   0   0   0   0   0   0   0   0   0   0   0   0   0   0
   0   0   0   0   0   0   0   0   0   0   0   0   0   0   0   0   0   0
   0   0   0   0   0   0   0   0   0   0   0   0   0   0   0   0  -2  -6
   2   0   0   0   2   5   0   0   0   0   0  -1   5   2  -2  -4   0   0
   2   0   0   0   0   1   0   0   0   2   0   0   0  -1   0   8   2   2
   0   0   2   0   1   0  -6   3   0   0   0   6]
[ 0  0  0  0  0 36  0  1 31 39 40 36  0  0  0  6  0  0  0  0  0  0  0  5  3
  5  1  0  0  0  0  0  0  0  0 -2  0  0 -6  0  0  0  0  0  0  0  0  0  0  0
  0  0  0  0  0  0  0  0  0  0  0  0  0  0  0  0  0  0  0  0  0  0  0  0  0
  0  0  0  0  0  0  0  0  0  0  0  0  0  0  0  0  0  0  0  0  0  0  0  0  0
  0  0  0  0  0  0  0  0  0  0  0  0  0  0  0  0  0  0  0  0  0  0  0  0  0
 -6  0  2 -5  0  1  0  0  2  0 -2  0  0  0  2  2 -2  0 -1  0  0  2  0  0  1
 -2 -2  0  0  0 -2  2  0  0  5  0  0  0  0  0  0  0  0  1  0  0  0  4  6]
[ 0  0  0  0  0 28  0  1 28 34 30 28  0  0  0  5  0  0  0  0  0  0  0  6  3
  5  0  0  0  0  0  0  2  0 -2  0  5  0 -5  0  0  0  0  0  0  0  0  0  0  0
  0  0  0  0  0  0  0  0  0  0  0  0  0  0  0  0  0  0  0  0  0  0  0  0  0
  0  0  0  0  0  0  0  0  0  0  0  0  0  0  0  0  0  0  0  0  0  0  0  0  0
  0  0  0  0  0  0  0  0  0  0  0  0  0  0  0  0  0  0  0  0  1  0  0  0  0
 -5  0  0 -2  0 -2  0  0  0  0 -2  0  0  0  0  2  0  0 -2  0  0  2  0  0  2
 -1  0  0  0  0 -2  2 -2  0  7  0  0  0  0  0  0  0  0  2  0  0  0  2  6]
[  0   0   0   0   0  69   0   2  51  57  69  69   0   0   7   7   1 472
 432 558 112  90   8   5   4   5   1   0   1   1   0   3   2   7   1   0
   5   2  -1   0   0   0   0   0   0   0   0   0   0   0   0   0   0   0
   0   0   0   0   0   0   0   0   0   0   0   0   0   0   0   0   0   0
   0   0   0   0   0   0   0   0   0   0   0   0   0   0   0   0   0   0
   0   0   0   0   0   0   0   0   0   0   0   0   0   0   0   0   0   0
   0   0   0   0   0   0   0   0   0   0   0   0   0   0   0   0   0  -1
   0  -2   0   3   2   1   2   0   0   2   0   1   5  -2   2   0   2   0
   2   1   6   0   2   3   1   0   7   0  -2   0   3  -4   2   5   0   0
  -2   0   0   0   1   2   2   3   0   0   1   9]
[  2   0   2   0   0 628   4  11 462 502 651 628   0   0  15   5   5 492
 442 588 154  73  22   5   3   5   1   0   0   0   0   0   0   0   3  -2
   2   2   0   0   0   0   0   0   0   0   0   0   0   0   0   0   0   0
   0   0   0   0   0   0   0   0   0   0   0   0   0   0   0   0   0   0
   0   0   0   0   0   0   0   0   0   0   0   0   0   0   0   0   0   0
   0   0   0   0   0   0   0   0   0   0   0   0   0   0   0   0   0   0
   0   0   0   0   0   0   0   0   0   0   0   0   0   0   0   0  -3  -3
   1   8  -3   1   0   4   2   1   1  -1   0   0   2   0   0  -3   2  -1
   0   0   0   1   0   0  -3   0   2   0   0   0   1  -3   2   7   1  -1
   4   0   0   1   1   0   1   5   0   1   0   3]
[  0   1   0   0   0 426   3  10 307 329 447 426   0   0  17   5   3 513
 446 584 139  61  31   5   4   5   1   0   0   0   1   1   0   3   1   1
   8   1  -7   0   0   0   0   0   0   0   0   0   0   0   0   0   0   0
   0   0   0   0   0   0   0   0   0   0   0   0   0   0   0   0   0   0
   0   0   0   0   0   0   0   0   0   0   0   0   0   0   0   0   0   0
   0   0   0   0   0   0   0   0   0   0   0   0   0   0   0   0   0   0
   0   0   0   0   0   0   0   0   0   0   0   0   0   0   0   0   0  -7
   1   3  -4   7   2   0   4   0   6  -3   0   1   1   0   4  -2   1  -2
  -2   0   4   0   0   0  -2  -1   1   1  -1  -1   0  -3  -1  11   0   0
   2   1   0   1   0   1  -2   8   1   0   3   0]
Shape of X: (40, 173)


Linear SVC
Linear test data...
SVC Linear confusion
[[1 0 0 0]
 [1 0 1 0]
 [1 0 0 0]
 [1 1 0 2]]
SVC Linear accuracy
0.375
SVC Linear precision
[ 0.25  0.    0.    1.  ]
SVC Linear recall
[ 1.   0.   0.   0.5]


Radial SVC
Radial test data...
SVC Radial confusion
[[0 0 1 0]
 [0 0 2 0]
 [1 0 0 0]
 [0 0 4 0]]
SVC Radial accuracy
0.0
SVC Radial precision
[ 0.  0.  0.  0.]
SVC Radial recall
[ 0.  0.  0.  0.]


RandomForestClassifier
RFC test data...
RFC confusion
[[1 0 0 0]
 [1 0 1 0]
 [1 0 0 0]
 [1 2 0 1]]
RFC accuracy
0.25
RFC precision
[ 0.25  0.    0.    1.  ]
RFC recall
[ 1.    0.    0.    0.25]


MLPClassifier
MLP test data...
MLP confusion
[[0 0 0 1]
 [1 0 1 0]
 [1 0 0 0]
 [2 0 1 1]]
MLP accuracy
0.125
MLP precision
[ 0.   0.   0.   0.5]
MLP recall
[ 0.    0.    0.    0.25]


AdaBoostClassifier
ABC test data...
ABC confusion
[[1 0 0 0]
 [2 0 0 0]
 [1 0 0 0]
 [0 4 0 0]]
ABC accuracy
0.125
ABC precision
[ 0.25  0.    0.    0.  ]
ABC recall
[ 1.  0.  0.  0.]
TODO Section 3.1
Shape of data array: (40000, 174)
[  0   0   0   0   0  75   0   4  56  60  77  75   0   0   0   5   0 584
 381 584  17  96  17   5   4   6   0   0   0   0   0   0   0   0  -2  -2
   0   0   0   0   0   0   0   0   0   0   0   0   0   0   0   0   0   0
   0   0   0   0   0   0   0   0   0   0   0   0   0   0   0   0   0   0
   0   0   0   0   0   0   0   0   0   0   0   0   0   0   0   0   0   0
   0   0   0   0   0   0   0   0   0   0   0   0   0   0   0   0   0   0
   0   0   0   0   0   0   0   0   0   0   0   0   0   0   0   0  -2  -6
   2   0   0   0   2   5   0   0   0   0   0  -1   5   2  -2  -4   0   0
   2   0   0   0   0   1   0   0   0   2   0   0   0  -1   0   8   2   2
   0   0   2   0   1   0  -6   3   0   0   0   6]
[ 0  0  0  0  0 36  0  1 31 39 40 36  0  0  0  6  0  0  0  0  0  0  0  5  3
  5  1  0  0  0  0  0  0  0  0 -2  0  0 -6  0  0  0  0  0  0  0  0  0  0  0
  0  0  0  0  0  0  0  0  0  0  0  0  0  0  0  0  0  0  0  0  0  0  0  0  0
  0  0  0  0  0  0  0  0  0  0  0  0  0  0  0  0  0  0  0  0  0  0  0  0  0
  0  0  0  0  0  0  0  0  0  0  0  0  0  0  0  0  0  0  0  0  0  0  0  0  0
 -6  0  2 -5  0  1  0  0  2  0 -2  0  0  0  2  2 -2  0 -1  0  0  2  0  0  1
 -2 -2  0  0  0 -2  2  0  0  5  0  0  0  0  0  0  0  0  1  0  0  0  4  6]
[ 0  0  0  0  0 28  0  1 28 34 30 28  0  0  0  5  0  0  0  0  0  0  0  6  3
  5  0  0  0  0  0  0  2  0 -2  0  5  0 -5  0  0  0  0  0  0  0  0  0  0  0
  0  0  0  0  0  0  0  0  0  0  0  0  0  0  0  0  0  0  0  0  0  0  0  0  0
  0  0  0  0  0  0  0  0  0  0  0  0  0  0  0  0  0  0  0  0  0  0  0  0  0
  0  0  0  0  0  0  0  0  0  0  0  0  0  0  0  0  0  0  0  0  1  0  0  0  0
 -5  0  0 -2  0 -2  0  0  0  0 -2  0  0  0  0  2  0  0 -2  0  0  2  0  0  2
 -1  0  0  0  0 -2  2 -2  0  7  0  0  0  0  0  0  0  0  2  0  0  0  2  6]
[  0   0   0   0   0  69   0   2  51  57  69  69   0   0   7   7   1 472
 432 558 112  90   8   5   4   5   1   0   1   1   0   3   2   7   1   0
   5   2  -1   0   0   0   0   0   0   0   0   0   0   0   0   0   0   0
   0   0   0   0   0   0   0   0   0   0   0   0   0   0   0   0   0   0
   0   0   0   0   0   0   0   0   0   0   0   0   0   0   0   0   0   0
   0   0   0   0   0   0   0   0   0   0   0   0   0   0   0   0   0   0
   0   0   0   0   0   0   0   0   0   0   0   0   0   0   0   0   0  -1
   0  -2   0   3   2   1   2   0   0   2   0   1   5  -2   2   0   2   0
   2   1   6   0   2   3   1   0   7   0  -2   0   3  -4   2   5   0   0
  -2   0   0   0   1   2   2   3   0   0   1   9]
[  2   0   2   0   0 628   4  11 462 502 651 628   0   0  15   5   5 492
 442 588 154  73  22   5   3   5   1   0   0   0   0   0   0   0   3  -2
   2   2   0   0   0   0   0   0   0   0   0   0   0   0   0   0   0   0
   0   0   0   0   0   0   0   0   0   0   0   0   0   0   0   0   0   0
   0   0   0   0   0   0   0   0   0   0   0   0   0   0   0   0   0   0
   0   0   0   0   0   0   0   0   0   0   0   0   0   0   0   0   0   0
   0   0   0   0   0   0   0   0   0   0   0   0   0   0   0   0  -3  -3
   1   8  -3   1   0   4   2   1   1  -1   0   0   2   0   0  -3   2  -1
   0   0   0   1   0   0  -3   0   2   0   0   0   1  -3   2   7   1  -1
   4   0   0   1   1   0   1   5   0   1   0   3]
[  0   1   0   0   0 426   3  10 307 329 447 426   0   0  17   5   3 513
 446 584 139  61  31   5   4   5   1   0   0   0   1   1   0   3   1   1
   8   1  -7   0   0   0   0   0   0   0   0   0   0   0   0   0   0   0
   0   0   0   0   0   0   0   0   0   0   0   0   0   0   0   0   0   0
   0   0   0   0   0   0   0   0   0   0   0   0   0   0   0   0   0   0
   0   0   0   0   0   0   0   0   0   0   0   0   0   0   0   0   0   0
   0   0   0   0   0   0   0   0   0   0   0   0   0   0   0   0   0  -7
   1   3  -4   7   2   0   4   0   6  -3   0   1   1   0   4  -2   1  -2
  -2   0   4   0   0   0  -2  -1   1   1  -1  -1   0  -3  -1  11   0   0
   2   1   0   1   0   1  -2   8   1   0   3   0]
Shape of X: (2000, 173)


Linear SVC
Linear test data...
SVC Linear confusion
[[80 12 12  9]
 [17 24 24 23]
 [15 19 53 17]
 [15 28 23 29]]
SVC Linear accuracy
0.465
SVC Linear precision
[ 0.62992126  0.28915663  0.47321429  0.37179487]
SVC Linear recall
[ 0.7079646   0.27272727  0.50961538  0.30526316]


Radial SVC
Radial test data...
SVC Radial confusion
[[  2 111   0   0]
 [  1  87   0   0]
 [  0 104   0   0]
 [  0  95   0   0]]
SVC Radial accuracy
0.2225
SVC Radial precision
[ 0.66666667  0.21914358  0.          0.        ]
SVC Radial recall
[ 0.01769912  0.98863636  0.          0.        ]


RandomForestClassifier
RFC test data...
RFC confusion
[[63 13 24 13]
 [12 21 39 16]
 [16 17 63  8]
 [19 19 35 22]]
RFC accuracy
0.4225
RFC precision
[ 0.57272727  0.3         0.39130435  0.37288136]
RFC recall
[ 0.55752212  0.23863636  0.60576923  0.23157895]


MLPClassifier
MLP test data...
MLP confusion
[[53 25  6 29]
 [12 23 11 42]
 [12 20 35 37]
 [12 24 22 37]]
MLP accuracy
0.37
MLP precision
[ 0.59550562  0.25        0.47297297  0.25517241]
MLP recall
[ 0.46902655  0.26136364  0.33653846  0.38947368]


AdaBoostClassifier
ABC test data...
ABC confusion
[[60 29 15  9]
 [14 24 29 21]
 [ 9 25 52 18]
 [13 31 26 25]]
ABC accuracy
0.4025
ABC precision
[ 0.625       0.22018349  0.42622951  0.34246575]
ABC recall
[ 0.53097345  0.27272727  0.5         0.26315789]
TODO Section 3.1
Shape of data array: (40000, 174)
[  0   0   0   0   0  75   0   4  56  60  77  75   0   0   0   5   0 584
 381 584  17  96  17   5   4   6   0   0   0   0   0   0   0   0  -2  -2
   0   0   0   0   0   0   0   0   0   0   0   0   0   0   0   0   0   0
   0   0   0   0   0   0   0   0   0   0   0   0   0   0   0   0   0   0
   0   0   0   0   0   0   0   0   0   0   0   0   0   0   0   0   0   0
   0   0   0   0   0   0   0   0   0   0   0   0   0   0   0   0   0   0
   0   0   0   0   0   0   0   0   0   0   0   0   0   0   0   0  -2  -6
   2   0   0   0   2   5   0   0   0   0   0  -1   5   2  -2  -4   0   0
   2   0   0   0   0   1   0   0   0   2   0   0   0  -1   0   8   2   2
   0   0   2   0   1   0  -6   3   0   0   0   6]
[ 0  0  0  0  0 36  0  1 31 39 40 36  0  0  0  6  0  0  0  0  0  0  0  5  3
  5  1  0  0  0  0  0  0  0  0 -2  0  0 -6  0  0  0  0  0  0  0  0  0  0  0
  0  0  0  0  0  0  0  0  0  0  0  0  0  0  0  0  0  0  0  0  0  0  0  0  0
  0  0  0  0  0  0  0  0  0  0  0  0  0  0  0  0  0  0  0  0  0  0  0  0  0
  0  0  0  0  0  0  0  0  0  0  0  0  0  0  0  0  0  0  0  0  0  0  0  0  0
 -6  0  2 -5  0  1  0  0  2  0 -2  0  0  0  2  2 -2  0 -1  0  0  2  0  0  1
 -2 -2  0  0  0 -2  2  0  0  5  0  0  0  0  0  0  0  0  1  0  0  0  4  6]
[ 0  0  0  0  0 28  0  1 28 34 30 28  0  0  0  5  0  0  0  0  0  0  0  6  3
  5  0  0  0  0  0  0  2  0 -2  0  5  0 -5  0  0  0  0  0  0  0  0  0  0  0
  0  0  0  0  0  0  0  0  0  0  0  0  0  0  0  0  0  0  0  0  0  0  0  0  0
  0  0  0  0  0  0  0  0  0  0  0  0  0  0  0  0  0  0  0  0  0  0  0  0  0
  0  0  0  0  0  0  0  0  0  0  0  0  0  0  0  0  0  0  0  0  1  0  0  0  0
 -5  0  0 -2  0 -2  0  0  0  0 -2  0  0  0  0  2  0  0 -2  0  0  2  0  0  2
 -1  0  0  0  0 -2  2 -2  0  7  0  0  0  0  0  0  0  0  2  0  0  0  2  6]
[  0   0   0   0   0  69   0   2  51  57  69  69   0   0   7   7   1 472
 432 558 112  90   8   5   4   5   1   0   1   1   0   3   2   7   1   0
   5   2  -1   0   0   0   0   0   0   0   0   0   0   0   0   0   0   0
   0   0   0   0   0   0   0   0   0   0   0   0   0   0   0   0   0   0
   0   0   0   0   0   0   0   0   0   0   0   0   0   0   0   0   0   0
   0   0   0   0   0   0   0   0   0   0   0   0   0   0   0   0   0   0
   0   0   0   0   0   0   0   0   0   0   0   0   0   0   0   0   0  -1
   0  -2   0   3   2   1   2   0   0   2   0   1   5  -2   2   0   2   0
   2   1   6   0   2   3   1   0   7   0  -2   0   3  -4   2   5   0   0
  -2   0   0   0   1   2   2   3   0   0   1   9]
[  2   0   2   0   0 628   4  11 462 502 651 628   0   0  15   5   5 492
 442 588 154  73  22   5   3   5   1   0   0   0   0   0   0   0   3  -2
   2   2   0   0   0   0   0   0   0   0   0   0   0   0   0   0   0   0
   0   0   0   0   0   0   0   0   0   0   0   0   0   0   0   0   0   0
   0   0   0   0   0   0   0   0   0   0   0   0   0   0   0   0   0   0
   0   0   0   0   0   0   0   0   0   0   0   0   0   0   0   0   0   0
   0   0   0   0   0   0   0   0   0   0   0   0   0   0   0   0  -3  -3
   1   8  -3   1   0   4   2   1   1  -1   0   0   2   0   0  -3   2  -1
   0   0   0   1   0   0  -3   0   2   0   0   0   1  -3   2   7   1  -1
   4   0   0   1   1   0   1   5   0   1   0   3]
[  0   1   0   0   0 426   3  10 307 329 447 426   0   0  17   5   3 513
 446 584 139  61  31   5   4   5   1   0   0   0   1   1   0   3   1   1
   8   1  -7   0   0   0   0   0   0   0   0   0   0   0   0   0   0   0
   0   0   0   0   0   0   0   0   0   0   0   0   0   0   0   0   0   0
   0   0   0   0   0   0   0   0   0   0   0   0   0   0   0   0   0   0
   0   0   0   0   0   0   0   0   0   0   0   0   0   0   0   0   0   0
   0   0   0   0   0   0   0   0   0   0   0   0   0   0   0   0   0  -7
   1   3  -4   7   2   0   4   0   6  -3   0   1   1   0   4  -2   1  -2
  -2   0   4   0   0   0  -2  -1   1   1  -1  -1   0  -3  -1  11   0   0
   2   1   0   1   0   1  -2   8   1   0   3   0]
Shape of X: (40000, 173)


Linear SVC
Linear test data...
SVC Linear confusion
[[1382  210  179  229]
 [ 411  707  401  467]
 [ 298  325 1123  301]
 [ 375  518  466  608]]
SVC Linear accuracy
0.4775
SVC Linear precision
[ 0.56042174  0.40170455  0.51775012  0.3788162 ]
SVC Linear recall
[ 0.691       0.35599194  0.54860772  0.30910015]


Radial SVC
Radial test data...
SVC Radial confusion
[[  65    4    4 1927]
 [  14   15    5 1952]
 [  14    6   17 2010]
 [   9    6    9 1943]]
SVC Radial accuracy
0.255
SVC Radial precision
[ 0.6372549   0.48387097  0.48571429  0.24808478]
SVC Radial recall
[ 0.0325      0.00755287  0.00830484  0.98779868]


RandomForestClassifier
RFC test data...
RFC confusion
[[1260  168  369  203]
 [ 393  398  711  484]
 [ 311  203 1300  233]
 [ 372  330  757  508]]
RFC accuracy
0.43325
RFC precision
[ 0.53938356  0.36214741  0.41440867  0.3557423 ]
RFC recall
[ 0.63        0.20040282  0.63507572  0.25826131]


MLPClassifier
MLP test data...
MLP confusion
[[ 684  543  696   77]
 [ 165  742  944  135]
 [ 100  293 1512  142]
 [ 120  662 1009  176]]
MLP accuracy
0.38925
MLP precision
[ 0.63985033  0.33125     0.36337419  0.33207547]
MLP recall
[ 0.342       0.37361531  0.73864191  0.08947636]


AdaBoostClassifier
ABC test data...
ABC confusion
[[1348  233  214  205]
 [ 310  695  518  463]
 [ 270  311 1217  249]
 [ 297  561  576  533]]
ABC accuracy
0.474125
ABC precision
[ 0.6058427   0.38611111  0.4819802   0.36758621]
ABC recall
[ 0.674       0.34994965  0.59452858  0.27097102]
TODO Section 3.1
Shape of data array: (40000, 174)
[  0   0   0   0   0  75   0   4  56  60  77  75   0   0   0   5   0 584
 381 584  17  96  17   5   4   6   0   0   0   0   0   0   0   0  -2  -2
   0   0   0   0   0   0   0   0   0   0   0   0   0   0   0   0   0   0
   0   0   0   0   0   0   0   0   0   0   0   0   0   0   0   0   0   0
   0   0   0   0   0   0   0   0   0   0   0   0   0   0   0   0   0   0
   0   0   0   0   0   0   0   0   0   0   0   0   0   0   0   0   0   0
   0   0   0   0   0   0   0   0   0   0   0   0   0   0   0   0  -2  -6
   2   0   0   0   2   5   0   0   0   0   0  -1   5   2  -2  -4   0   0
   2   0   0   0   0   1   0   0   0   2   0   0   0  -1   0   8   2   2
   0   0   2   0   1   0  -6   3   0   0   0   6]
[ 0  0  0  0  0 36  0  1 31 39 40 36  0  0  0  6  0  0  0  0  0  0  0  5  3
  5  1  0  0  0  0  0  0  0  0 -2  0  0 -6  0  0  0  0  0  0  0  0  0  0  0
  0  0  0  0  0  0  0  0  0  0  0  0  0  0  0  0  0  0  0  0  0  0  0  0  0
  0  0  0  0  0  0  0  0  0  0  0  0  0  0  0  0  0  0  0  0  0  0  0  0  0
  0  0  0  0  0  0  0  0  0  0  0  0  0  0  0  0  0  0  0  0  0  0  0  0  0
 -6  0  2 -5  0  1  0  0  2  0 -2  0  0  0  2  2 -2  0 -1  0  0  2  0  0  1
 -2 -2  0  0  0 -2  2  0  0  5  0  0  0  0  0  0  0  0  1  0  0  0  4  6]
[ 0  0  0  0  0 28  0  1 28 34 30 28  0  0  0  5  0  0  0  0  0  0  0  6  3
  5  0  0  0  0  0  0  2  0 -2  0  5  0 -5  0  0  0  0  0  0  0  0  0  0  0
  0  0  0  0  0  0  0  0  0  0  0  0  0  0  0  0  0  0  0  0  0  0  0  0  0
  0  0  0  0  0  0  0  0  0  0  0  0  0  0  0  0  0  0  0  0  0  0  0  0  0
  0  0  0  0  0  0  0  0  0  0  0  0  0  0  0  0  0  0  0  0  1  0  0  0  0
 -5  0  0 -2  0 -2  0  0  0  0 -2  0  0  0  0  2  0  0 -2  0  0  2  0  0  2
 -1  0  0  0  0 -2  2 -2  0  7  0  0  0  0  0  0  0  0  2  0  0  0  2  6]
[  0   0   0   0   0  69   0   2  51  57  69  69   0   0   7   7   1 472
 432 558 112  90   8   5   4   5   1   0   1   1   0   3   2   7   1   0
   5   2  -1   0   0   0   0   0   0   0   0   0   0   0   0   0   0   0
   0   0   0   0   0   0   0   0   0   0   0   0   0   0   0   0   0   0
   0   0   0   0   0   0   0   0   0   0   0   0   0   0   0   0   0   0
   0   0   0   0   0   0   0   0   0   0   0   0   0   0   0   0   0   0
   0   0   0   0   0   0   0   0   0   0   0   0   0   0   0   0   0  -1
   0  -2   0   3   2   1   2   0   0   2   0   1   5  -2   2   0   2   0
   2   1   6   0   2   3   1   0   7   0  -2   0   3  -4   2   5   0   0
  -2   0   0   0   1   2   2   3   0   0   1   9]
[  2   0   2   0   0 628   4  11 462 502 651 628   0   0  15   5   5 492
 442 588 154  73  22   5   3   5   1   0   0   0   0   0   0   0   3  -2
   2   2   0   0   0   0   0   0   0   0   0   0   0   0   0   0   0   0
   0   0   0   0   0   0   0   0   0   0   0   0   0   0   0   0   0   0
   0   0   0   0   0   0   0   0   0   0   0   0   0   0   0   0   0   0
   0   0   0   0   0   0   0   0   0   0   0   0   0   0   0   0   0   0
   0   0   0   0   0   0   0   0   0   0   0   0   0   0   0   0  -3  -3
   1   8  -3   1   0   4   2   1   1  -1   0   0   2   0   0  -3   2  -1
   0   0   0   1   0   0  -3   0   2   0   0   0   1  -3   2   7   1  -1
   4   0   0   1   1   0   1   5   0   1   0   3]
[  0   1   0   0   0 426   3  10 307 329 447 426   0   0  17   5   3 513
 446 584 139  61  31   5   4   5   1   0   0   0   1   1   0   3   1   1
   8   1  -7   0   0   0   0   0   0   0   0   0   0   0   0   0   0   0
   0   0   0   0   0   0   0   0   0   0   0   0   0   0   0   0   0   0
   0   0   0   0   0   0   0   0   0   0   0   0   0   0   0   0   0   0
   0   0   0   0   0   0   0   0   0   0   0   0   0   0   0   0   0   0
   0   0   0   0   0   0   0   0   0   0   0   0   0   0   0   0   0  -7
   1   3  -4   7   2   0   4   0   6  -3   0   1   1   0   4  -2   1  -2
  -2   0   4   0   0   0  -2  -1   1   1  -1  -1   0  -3  -1  11   0   0
   2   1   0   1   0   1  -2   8   1   0   3   0]
Shape of X: (5000, 173)


Linear SVC
Linear test data...
SVC Linear confusion
[[175  27  21  22]
 [ 66  67  57  65]
 [ 24  43 158  45]
 [ 40  48  48  94]]
SVC Linear accuracy
0.494
SVC Linear precision
[ 0.57377049  0.36216216  0.55633803  0.4159292 ]
SVC Linear recall
[ 0.71428571  0.2627451   0.58518519  0.40869565]


Radial SVC
Radial test data...
SVC Radial confusion
[[  6   0   0 239]
 [  4   0   0 251]
 [  3   0   0 267]
 [  1   0   0 229]]
SVC Radial accuracy
0.235
SVC Radial precision
[ 0.42857143  0.          0.          0.23225152]
SVC Radial recall
[ 0.0244898   0.          0.          0.99565217]


RandomForestClassifier
RFC test data...
RFC confusion
[[166   6  36  37]
 [ 58  29  90  78]
 [ 32  18 189  31]
 [ 37  26  87  80]]
RFC accuracy
0.464
RFC precision
[ 0.5665529   0.36708861  0.47014925  0.3539823 ]
RFC recall
[ 0.67755102  0.11372549  0.7         0.34782609]


MLPClassifier
MLP test data...
MLP confusion
[[174  54  12   5]
 [ 74 127  36  18]
 [ 45  93 109  23]
 [ 45 115  44  26]]
MLP accuracy
0.436
MLP precision
[ 0.5147929   0.32647815  0.54228856  0.36111111]
MLP recall
[ 0.71020408  0.49803922  0.4037037   0.11304348]


AdaBoostClassifier
ABC test data...
ABC confusion
[[164  32  21  28]
 [ 46  63  55  91]
 [ 20  34 166  50]
 [ 31  43  59  97]]
ABC accuracy
0.49
ABC precision
[ 0.62835249  0.36627907  0.55149502  0.36466165]
ABC recall
[ 0.66938776  0.24705882  0.61481481  0.42173913]
TODO Section 3.1
Shape of data array: (40000, 174)
[  0   0   0   0   0  75   0   4  56  60  77  75   0   0   0   5   0 584
 381 584  17  96  17   5   4   6   0   0   0   0   0   0   0   0  -2  -2
   0   0   0   0   0   0   0   0   0   0   0   0   0   0   0   0   0   0
   0   0   0   0   0   0   0   0   0   0   0   0   0   0   0   0   0   0
   0   0   0   0   0   0   0   0   0   0   0   0   0   0   0   0   0   0
   0   0   0   0   0   0   0   0   0   0   0   0   0   0   0   0   0   0
   0   0   0   0   0   0   0   0   0   0   0   0   0   0   0   0  -2  -6
   2   0   0   0   2   5   0   0   0   0   0  -1   5   2  -2  -4   0   0
   2   0   0   0   0   1   0   0   0   2   0   0   0  -1   0   8   2   2
   0   0   2   0   1   0  -6   3   0   0   0   6]
[ 0  0  0  0  0 36  0  1 31 39 40 36  0  0  0  6  0  0  0  0  0  0  0  5  3
  5  1  0  0  0  0  0  0  0  0 -2  0  0 -6  0  0  0  0  0  0  0  0  0  0  0
  0  0  0  0  0  0  0  0  0  0  0  0  0  0  0  0  0  0  0  0  0  0  0  0  0
  0  0  0  0  0  0  0  0  0  0  0  0  0  0  0  0  0  0  0  0  0  0  0  0  0
  0  0  0  0  0  0  0  0  0  0  0  0  0  0  0  0  0  0  0  0  0  0  0  0  0
 -6  0  2 -5  0  1  0  0  2  0 -2  0  0  0  2  2 -2  0 -1  0  0  2  0  0  1
 -2 -2  0  0  0 -2  2  0  0  5  0  0  0  0  0  0  0  0  1  0  0  0  4  6]
[ 0  0  0  0  0 28  0  1 28 34 30 28  0  0  0  5  0  0  0  0  0  0  0  6  3
  5  0  0  0  0  0  0  2  0 -2  0  5  0 -5  0  0  0  0  0  0  0  0  0  0  0
  0  0  0  0  0  0  0  0  0  0  0  0  0  0  0  0  0  0  0  0  0  0  0  0  0
  0  0  0  0  0  0  0  0  0  0  0  0  0  0  0  0  0  0  0  0  0  0  0  0  0
  0  0  0  0  0  0  0  0  0  0  0  0  0  0  0  0  0  0  0  0  1  0  0  0  0
 -5  0  0 -2  0 -2  0  0  0  0 -2  0  0  0  0  2  0  0 -2  0  0  2  0  0  2
 -1  0  0  0  0 -2  2 -2  0  7  0  0  0  0  0  0  0  0  2  0  0  0  2  6]
[  0   0   0   0   0  69   0   2  51  57  69  69   0   0   7   7   1 472
 432 558 112  90   8   5   4   5   1   0   1   1   0   3   2   7   1   0
   5   2  -1   0   0   0   0   0   0   0   0   0   0   0   0   0   0   0
   0   0   0   0   0   0   0   0   0   0   0   0   0   0   0   0   0   0
   0   0   0   0   0   0   0   0   0   0   0   0   0   0   0   0   0   0
   0   0   0   0   0   0   0   0   0   0   0   0   0   0   0   0   0   0
   0   0   0   0   0   0   0   0   0   0   0   0   0   0   0   0   0  -1
   0  -2   0   3   2   1   2   0   0   2   0   1   5  -2   2   0   2   0
   2   1   6   0   2   3   1   0   7   0  -2   0   3  -4   2   5   0   0
  -2   0   0   0   1   2   2   3   0   0   1   9]
[  2   0   2   0   0 628   4  11 462 502 651 628   0   0  15   5   5 492
 442 588 154  73  22   5   3   5   1   0   0   0   0   0   0   0   3  -2
   2   2   0   0   0   0   0   0   0   0   0   0   0   0   0   0   0   0
   0   0   0   0   0   0   0   0   0   0   0   0   0   0   0   0   0   0
   0   0   0   0   0   0   0   0   0   0   0   0   0   0   0   0   0   0
   0   0   0   0   0   0   0   0   0   0   0   0   0   0   0   0   0   0
   0   0   0   0   0   0   0   0   0   0   0   0   0   0   0   0  -3  -3
   1   8  -3   1   0   4   2   1   1  -1   0   0   2   0   0  -3   2  -1
   0   0   0   1   0   0  -3   0   2   0   0   0   1  -3   2   7   1  -1
   4   0   0   1   1   0   1   5   0   1   0   3]
[  0   1   0   0   0 426   3  10 307 329 447 426   0   0  17   5   3 513
 446 584 139  61  31   5   4   5   1   0   0   0   1   1   0   3   1   1
   8   1  -7   0   0   0   0   0   0   0   0   0   0   0   0   0   0   0
   0   0   0   0   0   0   0   0   0   0   0   0   0   0   0   0   0   0
   0   0   0   0   0   0   0   0   0   0   0   0   0   0   0   0   0   0
   0   0   0   0   0   0   0   0   0   0   0   0   0   0   0   0   0   0
   0   0   0   0   0   0   0   0   0   0   0   0   0   0   0   0   0  -7
   1   3  -4   7   2   0   4   0   6  -3   0   1   1   0   4  -2   1  -2
  -2   0   4   0   0   0  -2  -1   1   1  -1  -1   0  -3  -1  11   0   0
   2   1   0   1   0   1  -2   8   1   0   3   0]
Shape of X: (10000, 173)


Linear SVC
Linear test data...
SVC Linear confusion
[[341  59  41  55]
 [107 136 103 146]
 [ 59  71 293  89]
 [ 86 135 111 168]]
SVC Linear accuracy
0.469
SVC Linear precision
[ 0.57504216  0.33915212  0.53467153  0.36681223]
SVC Linear recall
[ 0.6875      0.27642276  0.57226562  0.336     ]


Radial SVC
Radial test data...
SVC Radial confusion
[[  7   1   1 487]
 [  4   2   0 486]
 [  3   0   3 506]
 [  5   0   1 494]]
SVC Radial accuracy
0.253
SVC Radial precision
[ 0.36842105  0.66666667  0.6         0.25038013]
SVC Radial recall
[ 0.0141129   0.00406504  0.00585938  0.988     ]


RandomForestClassifier
RFC test data...
RFC confusion
[[310  59  86  41]
 [102 128 180  82]
 [ 64  61 342  45]
 [ 79 139 179 103]]
RFC accuracy
0.4415
RFC precision
[ 0.55855856  0.33074935  0.43456163  0.3800738 ]
RFC recall
[ 0.625       0.2601626   0.66796875  0.206     ]


MLPClassifier
MLP test data...
MLP confusion
[[304 111  64  17]
 [123 213 128  28]
 [ 81 101 316  14]
 [116 223 138  23]]
MLP accuracy
0.428
MLP precision
[ 0.48717949  0.3287037   0.48916409  0.2804878 ]
MLP recall
[ 0.61290323  0.43292683  0.6171875   0.046     ]


AdaBoostClassifier
ABC test data...
ABC confusion
[[305  62  67  62]
 [ 94 136 133 129]
 [ 45  76 301  90]
 [ 55 136 143 166]]
ABC accuracy
0.454
ABC precision
[ 0.61122244  0.33170732  0.4673913   0.37136465]
ABC recall
[ 0.61491935  0.27642276  0.58789062  0.332     ]
